<?xml version="1.0" encoding="UTF-8"?>
<!-- Generated by org.testng.reporters.JUnitReportReporter -->
<testsuite skipped="0" hostname="WTIN01500423L" name="org.se.bfo.testrunner.LoginLogoutTest" tests="1" failures="0" timestamp="24 Nov 2016 13:30:03 GMT" time="0.013" errors="0">
  <testcase name="verifyloginLogout" time="0.013" classname="org.se.bfo.testrunner.LoginLogoutTest"/>
</testsuite> <!-- org.se.bfo.testrunner.LoginLogoutTest -->
